[11:43:53] [ServerMain/INFO]: Environment: Environment[sessionHost=https://sessionserver.mojang.com, servicesHost=https://api.minecraftservices.com, name=PROD]
[11:43:53] [ServerMain/INFO]: Found new data pack file/bukkit, loading it automatically
[11:43:53] [ServerMain/INFO]: Found new data pack paper, loading it automatically
[11:43:55] [ServerMain/INFO]: No existing world data, creating new world
[11:43:56] [ServerMain/INFO]: Loaded 1290 recipes
[11:43:56] [ServerMain/INFO]: Loaded 1399 advancements
[11:43:57] [Server thread/INFO]: Starting minecraft server version 1.21
[11:43:57] [Server thread/INFO]: Loading properties
[11:43:57] [Server thread/INFO]: This server is running Paper version 1.21-27-master@76c2f16 (2024-06-22T18:19:36Z) (Implementing API version 1.21-R0.1-SNAPSHOT)
[11:43:58] [Server thread/INFO]: Using 4 threads for Netty based IO
[11:43:58] [Server thread/INFO]: Server Ping Player Sample Count: 12
[11:43:59] [Server thread/INFO]: [ChunkTaskScheduler] Chunk system is using 1 I/O threads, 1 worker threads, and population gen parallelism of 1 threads
[11:43:59] [Server thread/WARN]: [!] The timings profiler has been enabled but has been scheduled for removal from Paper in the future.
    We recommend installing the spark profiler as a replacement: https://spark.lucko.me/
    For more information please visit: https://github.com/PaperMC/Paper/issues/8948
[11:43:59] [Server thread/INFO]: Default game type: SURVIVAL
[11:43:59] [Server thread/INFO]: Generating keypair
[11:44:00] [Server thread/INFO]: Starting Minecraft server on *:25565
[11:44:00] [Server thread/INFO]: Using epoll channel type
[11:44:00] [Server thread/INFO]: Paper: Using libdeflate (Linux x86_64) compression from Velocity.
[11:44:00] [Server thread/INFO]: Paper: Using OpenSSL 1.1.x (Linux x86_64) cipher from Velocity.
[11:44:00] [Server thread/INFO]: Preparing level "world"
[11:44:14] [Server thread/INFO]: Preparing start region for dimension minecraft:overworld
[11:44:25] [Server thread/INFO]: Time elapsed: 10742 ms
[11:44:25] [Server thread/INFO]: Preparing start region for dimension minecraft:the_nether
[11:44:28] [Server thread/INFO]: Time elapsed: 2903 ms
[11:44:28] [Server thread/INFO]: Preparing start region for dimension minecraft:the_end
[11:44:29] [Server thread/INFO]: Time elapsed: 733 ms
[11:44:29] [Server thread/INFO]: Running delayed init tasks
[11:44:29] [Server thread/INFO]: Done (32.278s)! For help, type "help"
[11:44:29] [Server thread/INFO]: *************************************************************************************
[11:44:29] [Server thread/INFO]: This is the first time you're starting this server.
[11:44:29] [Server thread/INFO]: It's recommended you read our 'Getting Started' documentation for guidance.
[11:44:29] [Server thread/INFO]: View this and more helpful information here: https://docs.papermc.io/paper/next-steps
[11:44:29] [Server thread/INFO]: *************************************************************************************
[11:44:29] [Server thread/INFO]: Timings Reset
[11:44:45] [Server thread/INFO]: Stopping the server
[11:44:45] [Server thread/INFO]: Stopping server
[11:44:45] [Server thread/INFO]: Saving players
[11:44:45] [Server thread/INFO]: Saving worlds
[11:44:45] [Server thread/INFO]: Saving chunks for level 'ServerLevel[world]'/minecraft:overworld
[11:44:45] [Server thread/INFO]: [ChunkHolderManager] Waiting 60s for chunk system to halt for world 'world'
[11:44:45] [Server thread/INFO]: [ChunkHolderManager] Halted chunk system for world 'world'
[11:44:45] [Server thread/INFO]: [ChunkHolderManager] Saving all chunkholders for world 'world'
[11:44:47] [Server thread/INFO]: [ChunkHolderManager] Saved 841 block chunks, 49 entity chunks, 0 poi chunks in world 'world' in 1.78s
[11:44:47] [Server thread/INFO]: Saving chunks for level 'ServerLevel[world_nether]'/minecraft:the_nether
[11:44:47] [Server thread/INFO]: [ChunkHolderManager] Waiting 60s for chunk system to halt for world 'world_nether'
[11:44:47] [Server thread/INFO]: [ChunkHolderManager] Halted chunk system for world 'world_nether'
[11:44:47] [Server thread/INFO]: [ChunkHolderManager] Saving all chunkholders for world 'world_nether'
[11:44:48] [Server thread/INFO]: [ChunkHolderManager] Saved 841 block chunks, 49 entity chunks, 0 poi chunks in world 'world_nether' in 0.81s
[11:44:48] [Server thread/INFO]: Saving chunks for level 'ServerLevel[world_the_end]'/minecraft:the_end
[11:44:48] [Server thread/INFO]: [ChunkHolderManager] Waiting 60s for chunk system to halt for world 'world_the_end'
[11:44:48] [Server thread/INFO]: [ChunkHolderManager] Halted chunk system for world 'world_the_end'
[11:44:48] [Server thread/INFO]: [ChunkHolderManager] Saving all chunkholders for world 'world_the_end'
[11:44:48] [Server thread/INFO]: [ChunkHolderManager] Saved 841 block chunks, 49 entity chunks, 0 poi chunks in world 'world_the_end' in 0.58s
[11:44:48] [Server thread/INFO]: ThreadedAnvilChunkStorage (world): All chunks are saved
[11:44:48] [Server thread/INFO]: ThreadedAnvilChunkStorage (DIM-1): All chunks are saved
[11:44:48] [Server thread/INFO]: ThreadedAnvilChunkStorage (DIM1): All chunks are saved
[11:44:48] [Server thread/INFO]: ThreadedAnvilChunkStorage: All dimensions are saved
